<?xml version="1.0" encoding="UTF-8"?>
<!-- Generated by org.testng.reporters.JUnitReportReporter -->
<testsuite hostname="Murali" failures="0" tests="1" name="com.crm.qa.testcases.ApplicationCenterPageTest" time="15.940" errors="0" timestamp="26 Jun 2019 11:07:08 GMT" skipped="0">
  <testcase classname="com.crm.qa.testcases.ApplicationCenterPageTest" name="SignOutTest" time="15.940"/>
</testsuite> <!-- com.crm.qa.testcases.ApplicationCenterPageTest -->
