<?xml version="1.0" encoding="UTF-8"?>
<!-- Generated by org.testng.reporters.JUnitReportReporter -->
<testsuite hostname="Murali" failures="0" tests="1" name="com.crm.qa.testcases.RegistrationPageTest" time="92.567" errors="0" timestamp="27 Jun 2019 11:29:28 GMT" skipped="0">
  <testcase classname="com.crm.qa.testcases.RegistrationPageTest" name="createNewContact" time="92.567"/>
</testsuite> <!-- com.crm.qa.testcases.RegistrationPageTest -->
