<?xml version="1.0" encoding="UTF-8"?>
<!-- Generated by org.testng.reporters.JUnitReportReporter -->
<testsuite hostname="Murali" failures="0" tests="1" name="com.crm.qa.testcases.RegistrationPageTest" time="77.416" errors="0" timestamp="03 Jul 2019 02:05:46 GMT" skipped="0">
  <testcase classname="com.crm.qa.testcases.RegistrationPageTest" name="createNewContact" time="77.416"/>
</testsuite> <!-- com.crm.qa.testcases.RegistrationPageTest -->
